-------------------------------------------------------------------------------------------------
SUMMARY
-------------------------------------------------------------------------------------------------

 corner|     min delay |  min reg2reg |    max delay |  max reg2reg |      max cap |     max slew
-------------------------------------------------------------------------------------------------
  s-nom|           met |          met |          met |          met |          met |          met

violating reg2reg min reports


violating reg2reg max reports


--------------------------------------------------------------------------------------------
COMMAND
--------------------------------------------------------------------------------------------

exec> report_check_types \
        -max_slew \
        -max_capacitance \
        -recovery \
        -removal \
        -format end \
        -violators
design: caravel
time: Sun Mar  2 10:37:05 UTC 2025

--------------------------------------------------------------------------------------------
REPORT
--------------------------------------------------------------------------------------------


